{"numTotalTestSuites":10,"numPassedTestSuites":10,"numFailedTestSuites":0,"numPendingTestSuites":0,"numTotalTests":12,"numPassedTests":12,"numFailedTests":0,"numPendingTests":0,"numTodoTests":0,"snapshot":{"added":0,"failure":false,"filesAdded":0,"filesRemoved":0,"filesRemovedList":[],"filesUnmatched":0,"filesUpdated":0,"matched":0,"total":0,"unchecked":0,"uncheckedKeysByFile":[],"unmatched":0,"updated":0,"didUpdate":false},"startTime":1773114719334,"success":true,"testResults":[{"assertionResults":[{"ancestorTitles":["Sound speed validation (Mackenzie equation)"],"fullName":"Sound speed validation (Mackenzie equation) matches expected sound speed at 15°C, 35 PSU, 0 m (IEEE reference)","status":"passed","title":"matches expected sound speed at 15°C, 35 PSU, 0 m (IEEE reference)","duration":1.3393000000000086,"failureMessages":[],"meta":{}},{"ancestorTitles":["Sound speed validation (Mackenzie equation)"],"fullName":"Sound speed validation (Mackenzie equation) matches expected sound speed at 0°C, 35 PSU, 0 m (IEEE reference)","status":"passed","title":"matches expected sound speed at 0°C, 35 PSU, 0 m (IEEE reference)","duration":0.24989999999999668,"failureMessages":[],"meta":{}},{"ancestorTitles":["SOFAR channel depth validation"],"fullName":"SOFAR channel depth validation finds SOFAR depth within expected range 800–1000 m for typical profile","status":"passed","title":"finds SOFAR depth within expected range 800–1000 m for typical profile","duration":0.47409999999999286,"failureMessages":[],"meta":{}},{"ancestorTitles":["SOFAR channel depth validation"],"fullName":"SOFAR channel depth validation returns depth of minimum sound speed from default profile","status":"passed","title":"returns depth of minimum sound speed from default profile","duration":0.262299999999982,"failureMessages":[],"meta":{}}],"startTime":1773114719586,"endTime":1773114719589.2622,"status":"passed","message":"","name":"C:/Users/abnvo/Desktop/aleena_project/src/utils/soundSpeed.test.ts"},{"assertionResults":[{"ancestorTitles":["DOSITS validation: geometric spreading"],"fullName":"DOSITS validation: geometric spreading spreading loss at 10 km spherical = 80 dB","status":"passed","title":"spreading loss at 10 km spherical = 80 dB","duration":1.177599999999984,"failureMessages":[],"meta":{}},{"ancestorTitles":["DOSITS validation: transmission loss (constant α)"],"fullName":"DOSITS validation: transmission loss (constant α) absorption loss 0.5 dB/km over 10 km = 5 dB","status":"passed","title":"absorption loss 0.5 dB/km over 10 km = 5 dB","duration":0.35829999999998563,"failureMessages":[],"meta":{}},{"ancestorTitles":["DOSITS validation: transmission loss (constant α)"],"fullName":"DOSITS validation: transmission loss (constant α) total TL at 10 km with α=0.5 dB/km equals 85 dB","status":"passed","title":"total TL at 10 km with α=0.5 dB/km equals 85 dB","duration":0.1676999999999964,"failureMessages":[],"meta":{}},{"ancestorTitles":["Transmission loss with Francois-Garrison (no override)"],"fullName":"Transmission loss with Francois-Garrison (no override) TL at 1 km, 10 kHz is within typical 60–65 dB range","status":"passed","title":"TL at 1 km, 10 kHz is within typical 60–65 dB range","duration":0.3715000000000259,"failureMessages":[],"meta":{}},{"ancestorTitles":["Absorption validation (50 kHz, 500 m)"],"fullName":"Absorption validation (50 kHz, 500 m) Francois-Garrison gives positive absorption in plausible range","status":"passed","title":"Francois-Garrison gives positive absorption in plausible range","duration":0.2872999999999877,"failureMessages":[],"meta":{}}],"startTime":1773114719608,"endTime":1773114719610.3716,"status":"passed","message":"","name":"C:/Users/abnvo/Desktop/aleena_project/src/core/physics/acoustics.test.ts"},{"assertionResults":[{"ancestorTitles":["DOSITS validation: active sonar equation"],"fullName":"DOSITS validation: active sonar equation SNR = 22 dB for reference parameters (detection positive)","status":"passed","title":"SNR = 22 dB for reference parameters (detection positive)","duration":0.8471999999999866,"failureMessages":[],"meta":{}},{"ancestorTitles":["DOSITS validation: active sonar equation"],"fullName":"DOSITS validation: active sonar equation detection is positive when SNR > 0","status":"passed","title":"detection is positive when SNR > 0","duration":0.17390000000000327,"failureMessages":[],"meta":{}},{"ancestorTitles":["DOSITS validation: active sonar equation"],"fullName":"DOSITS validation: active sonar equation SNR within ±3 dB of 22 dB (acceptance criterion)","status":"passed","title":"SNR within ±3 dB of 22 dB (acceptance criterion)","duration":0.19829999999998904,"failureMessages":[],"meta":{}}],"startTime":1773114719606,"endTime":1773114719607.1982,"status":"passed","message":"","name":"C:/Users/abnvo/Desktop/aleena_project/src/core/sensors/SonarProcessor.test.ts"}]}